<?xml version="1.0" encoding="UTF-8"?>
<!-- Generated by org.testng.reporters.JUnitXMLReporter -->
<testsuite ignored="2" hostname="DESKTOP-HN4067J" failures="0" tests="11" name="test-Runner-1" time="149.363" errors="0" timestamp="2022-01-25T13:39:26 IST">
  <testcase classname="com.crm.comcat.orgTest.OrganizatonTest" name="createNewOrgWithIndustryTypeTest" time="9.409"/>
  <testcase classname="com.crm.comcat.orgTest.OrganizatonTest" name="createOrgTest" time="8.0"/>
  <testcase classname="com.crm.comcat.orgTest.OrganizatonTest" name="createOrgWithIndustryTest" time="8.056"/>
  <testcase classname="com.crm.comcat.contactTest.ContactTest" name="CreateContactReportToTest" time="11.963"/>
  <testcase classname="com.crm.comcat.contactTest.ContactTest" name="createContactGrpAsMarketingGrpTest" time="8.072"/>
  <testcase classname="com.crm.comcat.contactTest.ContactTest" name="createContactGrpAsSupportGrpTest" time="7.909"/>
  <testcase classname="com.crm.comcat.contactTest.ContactTest" name="createContactTest" time="7.976"/>
  <testcase classname="com.crm.comcat.contactTest.ContactTest" name="createContactUserAsAdminTest" time="8.09"/>
  <testcase classname="com.crm.comcat.contactTest.ContactTest" name="createContactWithLeadSourceTest" time="7.93"/>
  <testcase classname="com.crm.comcat.contactTest.ContactTest" name="createContactWithOrgTest" time="16.171"/>
  <testcase classname="com.crm.comcat.contactTest.ContactTest" name="createContactWithoutMandFieldTest" time="5.463"/>
  <testcase classname="com.crm.GenericLibrary.BaseClass" name="@BeforeSuite configBS" time="0.0">
    <ignored/>
  </testcase> <!-- @BeforeSuite configBS -->
  <testcase classname="com.crm.GenericLibrary.BaseClass" name="@AfterSuite configAS" time="0.0">
    <ignored/>
  </testcase> <!-- @AfterSuite configAS -->
</testsuite> <!-- test-Runner-1 -->
