<?xml version="1.0" encoding="UTF-8"?>
<!-- Generated by org.testng.reporters.JUnitReportReporter -->
<testsuite hostname="DESKTOP-HN4067J" failures="0" tests="7" name="com.crm.comcat.contactTest.CreateContactGroupAsMarketingGPTest" time="25.806" errors="0" timestamp="2022-01-19T21:36:15 IST" skipped="0">
  <testcase classname="com.crm.comcat.contactTest.CreateContactGroupAsMarketingGPTest" name="openBrowserTest" time="2.244"/>
  <system-out>
    <![CDATA[Browser opened:Pass]]>
  </system-out>
  <testcase classname="com.crm.comcat.contactTest.CreateContactGroupAsMarketingGPTest" name="loginTest" time="5.381"/>
  <system-out>
    <![CDATA[Login to application successful:Pass]]>
  </system-out>
  <testcase classname="com.crm.comcat.contactTest.CreateContactGroupAsMarketingGPTest" name="homePageTest" time="6.583"/>
  <system-out>
    <![CDATA[Navigated to Contacts:Pass]]>
  </system-out>
  <testcase classname="com.crm.comcat.contactTest.CreateContactGroupAsMarketingGPTest" name="contactCreatePageTest" time="2.839"/>
  <system-out>
    <![CDATA[Navigated to create new Contact Page:Pass]]>
  </system-out>
  <testcase classname="com.crm.comcat.contactTest.CreateContactGroupAsMarketingGPTest" name="selectGroupAsMarketingGroupTest" time="6.353"/>
  <system-out>
    <![CDATA[Contact Deepa created Successfully:Pass
Assigned to Marketing Group  :Pass]]>
  </system-out>
  <testcase classname="com.crm.comcat.contactTest.CreateContactGroupAsMarketingGPTest" name="logOutTest" time="2.229"/>
  <system-out>
    <![CDATA[logged out successfully]]>
  </system-out>
  <testcase classname="com.crm.comcat.contactTest.CreateContactGroupAsMarketingGPTest" name="closeBrowserTest" time="0.177"/>
  <system-out>
    <![CDATA[Browser closed]]>
  </system-out>
</testsuite> <!-- com.crm.comcat.contactTest.CreateContactGroupAsMarketingGPTest -->
