<?xml version="1.0" encoding="UTF-8"?>
<!-- Generated by org.testng.reporters.JUnitReportReporter -->
<testsuite hostname="DESKTOP-HN4067J" failures="0" tests="6" name="com.vtiger.contactTest.CreateContactWithoutMandFieldTest" time="10.723" errors="0" timestamp="2022-01-16T21:09:28 IST" skipped="0">
  <testcase classname="com.vtiger.contactTest.CreateContactWithoutMandFieldTest" name="loginPageTest" time="0.016"/>
  <system-out>
Login page found  </system-out>
  <testcase classname="com.vtiger.contactTest.CreateContactWithoutMandFieldTest" name="homePageTest" time="2.480"/>
  <system-out>
Home page found  </system-out>
  <testcase classname="com.vtiger.contactTest.CreateContactWithoutMandFieldTest" name="contactListPageTest" time="4.413"/>
  <system-out>
ContactsPage Displayed  </system-out>
  <testcase classname="com.vtiger.contactTest.CreateContactWithoutMandFieldTest" name="createNewContactPageTest" time="2.401"/>
  <system-out>
Creating New Contact is displayed  </system-out>
  <testcase classname="com.vtiger.contactTest.CreateContactWithoutMandFieldTest" name="createContactWithoutMandFieldTest" time="0.069"/>
  <system-out>
Last Name cannot be empty  </system-out>
  <testcase classname="com.vtiger.contactTest.CreateContactWithoutMandFieldTest" name="logOutTest" time="1.344"/>
  <system-out>
Successfully loged out  </system-out>
</testsuite> <!-- com.vtiger.contactTest.CreateContactWithoutMandFieldTest -->
