<?xml version="1.0" encoding="UTF-8"?>
<!-- Generated by org.testng.reporters.JUnitReportReporter -->
<testsuite hostname="DESKTOP-HN4067J" failures="0" tests="7" name="com.vtiger.contactTest.CreateContactWithOrganization" time="23.791" errors="0" timestamp="2022-01-17T23:25:53 IST" skipped="0">
  <testcase classname="com.vtiger.contactTest.CreateContactWithOrganization" name="loginTest" time="0.968"/>
  <system-out>
    <![CDATA[Login page found]]>
  </system-out>
  <testcase classname="com.vtiger.contactTest.CreateContactWithOrganization" name="homePageTest" time="2.581"/>
  <system-out>
    <![CDATA[Home page found]]>
  </system-out>
  <testcase classname="com.vtiger.contactTest.CreateContactWithOrganization" name="organisationCreateTest" time="9.276"/>
  <system-out>
    <![CDATA[Organisation created]]>
  </system-out>
  <testcase classname="com.vtiger.contactTest.CreateContactWithOrganization" name="contactListPageTest" time="3.728"/>
  <system-out>
    <![CDATA[ContactsPage Displayed]]>
  </system-out>
  <testcase classname="com.vtiger.contactTest.CreateContactWithOrganization" name="createNewContactPageTest" time="1.732"/>
  <system-out>
    <![CDATA[Creating New Contact is displayed]]>
  </system-out>
  <testcase classname="com.vtiger.contactTest.CreateContactWithOrganization" name="createContactTest" time="4.348"/>
  <system-out>
    <![CDATA[contact created with organisation]]>
  </system-out>
  <testcase classname="com.vtiger.contactTest.CreateContactWithOrganization" name="logOutTest" time="1.158"/>
  <system-out>
    <![CDATA[Successfully loged out]]>
  </system-out>
</testsuite> <!-- com.vtiger.contactTest.CreateContactWithOrganization -->
