<?xml version="1.0" encoding="UTF-8"?>
<!-- Generated by org.testng.reporters.JUnitReportReporter -->
<testsuite hostname="DESKTOP-HN4067J" failures="0" tests="1" name="com.crm.comcat.contactTest.CreateContactTest" time="14.390" errors="0" timestamp="2022-01-20T17:38:34 IST" skipped="0">
  <testcase classname="com.crm.comcat.contactTest.CreateContactTest" name="homePageTest" time="14.390"/>
  <system-out>
    <![CDATA[Navigated to Contacts:Pass
Navigated to create new Contact Page:Pass
Contact maj singh created Successfully:Pass]]>
  </system-out>
</testsuite> <!-- com.crm.comcat.contactTest.CreateContactTest -->
