<?xml version="1.0" encoding="UTF-8"?>
<!-- Generated by org.testng.reporters.JUnitReportReporter -->
<testsuite hostname="DESKTOP-HN4067J" failures="0" tests="3" name="com.vtiger.emailTest.EmailTest" time="10.283" errors="0" timestamp="2022-01-17T14:51:50 IST" skipped="0">
  <testcase classname="com.vtiger.emailTest.EmailTest" name="loginPageTest" time="0.020"/>
  <system-out>
Login page found  </system-out>
  <testcase classname="com.vtiger.emailTest.EmailTest" name="homePageTest" time="2.719"/>
  <system-out>
Home page found  </system-out>
  <testcase classname="com.vtiger.emailTest.EmailTest" name="emailModuleTest" time="7.544"/>
  <system-out/>
</testsuite> <!-- com.vtiger.emailTest.EmailTest -->
