<?xml version="1.0" encoding="UTF-8"?>
<!-- Generated by org.testng.reporters.JUnitReportReporter -->
<testsuite hostname="DESKTOP-HN4067J" failures="0" tests="1" name="com.crm.comcat.orgTest.CreateContactRLeadSourceTest" time="22.970" errors="0" timestamp="2022-01-15T22:20:50 IST" skipped="0">
  <testcase classname="com.crm.comcat.orgTest.CreateContactRLeadSourceTest" name="testLaedSourceTest" time="22.970"/>
  <system-out>
Login page found Home page found ContactsPage Displayed contact added  </system-out>
</testsuite> <!-- com.crm.comcat.orgTest.CreateContactRLeadSourceTest -->
