<?xml version="1.0" encoding="UTF-8"?>
<!-- Generated by org.testng.reporters.JUnitReportReporter -->
<testsuite hostname="DESKTOP-HN4067J" failures="0" tests="4" name="com.crm.organization.CreateOrganizationWithIndustryAndType" time="14.657" errors="0" timestamp="2022-01-17T23:36:46 IST" skipped="0">
  <testcase classname="com.crm.organization.CreateOrganizationWithIndustryAndType" name="loginTest" time="0.930"/>
  <system-out>
    <![CDATA[Login page found]]>
  </system-out>
  <testcase classname="com.crm.organization.CreateOrganizationWithIndustryAndType" name="homePageTest" time="2.716"/>
  <system-out>
    <![CDATA[Home page found]]>
  </system-out>
  <testcase classname="com.crm.organization.CreateOrganizationWithIndustryAndType" name="organisationCreateTest" time="9.620"/>
  <system-out>
    <![CDATA[Organisation created]]>
  </system-out>
  <testcase classname="com.crm.organization.CreateOrganizationWithIndustryAndType" name="logOutTest" time="1.391"/>
  <system-out>
    <![CDATA[Successfully loged out]]>
  </system-out>
</testsuite> <!-- com.crm.organization.CreateOrganizationWithIndustryAndType -->
