<?xml version="1.0" encoding="UTF-8"?>
<!-- Generated by org.testng.reporters.JUnitReportReporter -->
<testsuite hostname="DESKTOP-HN4067J" failures="0" tests="1" name="com.crm.comcat.orgTest.NonSelectMySql" time="0.270" errors="0" timestamp="2022-01-12T17:54:42 IST" skipped="0">
  <testcase classname="com.crm.comcat.orgTest.NonSelectMySql" name="nonSelectTest" time="0.270"/>
  <system-out/>
</testsuite> <!-- com.crm.comcat.orgTest.NonSelectMySql -->
