<?xml version="1.0" encoding="UTF-8"?>
<!-- Generated by org.testng.reporters.JUnitReportReporter -->
<testsuite hostname="DESKTOP-HN4067J" failures="0" tests="5" name="com.crm.comcat.orgTest.CreateOrgTest" time="14.879" errors="0" timestamp="2022-01-18T19:16:50 IST" skipped="0">
  <testcase classname="com.crm.comcat.orgTest.CreateOrgTest" name="loginTest" time="3.901"/>
  <system-out>
    <![CDATA[Login to application successful]]>
  </system-out>
  <testcase classname="com.crm.comcat.orgTest.CreateOrgTest" name="homePageTest" time="4.024"/>
  <system-out>
    <![CDATA[Navigated to Organization]]>
  </system-out>
  <testcase classname="com.crm.comcat.orgTest.CreateOrgTest" name="organisationCreatePageTest" time="1.732"/>
  <system-out>
    <![CDATA[Navigated to create new Organization]]>
  </system-out>
  <testcase classname="com.crm.comcat.orgTest.CreateOrgTest" name="createNewOrgTest" time="3.963"/>
  <system-out>
    <![CDATA[Organization created Successfully]]>
  </system-out>
  <testcase classname="com.crm.comcat.orgTest.CreateOrgTest" name="logOutTest" time="1.259"/>
  <system-out>
    <![CDATA[logged out successfully]]>
  </system-out>
</testsuite> <!-- com.crm.comcat.orgTest.CreateOrgTest -->
