<?xml version="1.0" encoding="UTF-8"?>
<!-- Generated by org.testng.reporters.JUnitReportReporter -->
<testsuite hostname="DESKTOP-HN4067J" failures="0" tests="8" name="com.crm.comcat.contactTest.CreateContactOrganisationNameTest" time="29.192" errors="0" timestamp="2022-01-19T18:36:49 IST" skipped="0">
  <testcase classname="com.crm.comcat.contactTest.CreateContactOrganisationNameTest" name="openBrowserTest" time="1.822"/>
  <system-out>
    <![CDATA[Browser opened]]>
  </system-out>
  <testcase classname="com.crm.comcat.contactTest.CreateContactOrganisationNameTest" name="loginTest" time="3.623"/>
  <system-out>
    <![CDATA[Login to application successful:pass]]>
  </system-out>
  <testcase classname="com.crm.comcat.contactTest.CreateContactOrganisationNameTest" name="contactListPageTest" time="3.963"/>
  <system-out>
    <![CDATA[Navigated to Contacts:Pass]]>
  </system-out>
  <testcase classname="com.crm.comcat.contactTest.CreateContactOrganisationNameTest" name="contactCreatePageTest" time="1.698"/>
  <system-out>
    <![CDATA[Navigated to create new Contact Page:Pass]]>
  </system-out>
  <testcase classname="com.crm.comcat.contactTest.CreateContactOrganisationNameTest" name="organizationNewBrowserWindowsTest" time="14.069"/>
  <system-out>
    <![CDATA[Oganization TY_418 created:Pass
Navigated to create new Contact Page:Pass
Organisation name is displayed:Pass]]>
  </system-out>
  <testcase classname="com.crm.comcat.contactTest.CreateContactOrganisationNameTest" name="contactSaveTest" time="2.676"/>
  <system-out>
    <![CDATA[Contact Deepa is created with TY_418 orgamization:Pass]]>
  </system-out>
  <testcase classname="com.crm.comcat.contactTest.CreateContactOrganisationNameTest" name="logOutTest" time="1.208"/>
  <system-out>
    <![CDATA[logged out successfully:Pass]]>
  </system-out>
  <testcase classname="com.crm.comcat.contactTest.CreateContactOrganisationNameTest" name="closeBrowserTest" time="0.133"/>
  <system-out>
    <![CDATA[Browser closed:pass]]>
  </system-out>
</testsuite> <!-- com.crm.comcat.contactTest.CreateContactOrganisationNameTest -->
