<?xml version="1.0" encoding="UTF-8"?>
<!-- Generated by org.testng.reporters.JUnitReportReporter -->
<testsuite hostname="DESKTOP-HN4067J" failures="0" tests="6" name="com.vtiger.contactTest.CreateContactLeadSoueceTest" time="17.044" errors="0" timestamp="2022-01-18T00:15:55 IST" skipped="0">
  <testcase classname="com.vtiger.contactTest.CreateContactLeadSoueceTest" name="loginTest" time="0.870"/>
  <system-out>
    <![CDATA[Login page found]]>
  </system-out>
  <testcase classname="com.vtiger.contactTest.CreateContactLeadSoueceTest" name="homePageTest" time="2.699"/>
  <system-out>
    <![CDATA[Home page found]]>
  </system-out>
  <testcase classname="com.vtiger.contactTest.CreateContactLeadSoueceTest" name="contactListPageTest" time="5.141"/>
  <system-out>
    <![CDATA[ContactsPage Displayed]]>
  </system-out>
  <testcase classname="com.vtiger.contactTest.CreateContactLeadSoueceTest" name="createNewContactPageTest" time="1.823"/>
  <system-out>
    <![CDATA[Creating New Contact is displayed]]>
  </system-out>
  <testcase classname="com.vtiger.contactTest.CreateContactLeadSoueceTest" name="contactCreateTest" time="5.087"/>
  <system-out>
    <![CDATA[contact not added]]>
  </system-out>
  <testcase classname="com.vtiger.contactTest.CreateContactLeadSoueceTest" name="logOutTest" time="1.424"/>
  <system-out>
    <![CDATA[Successfully loged out]]>
  </system-out>
</testsuite> <!-- com.vtiger.contactTest.CreateContactLeadSoueceTest -->
