<?xml version="1.0" encoding="UTF-8"?>
<!-- Generated by org.testng.reporters.JUnitReportReporter -->
<testsuite hostname="DESKTOP-HN4067J" failures="0" tests="7" name="com.crm.comcat.contactTest.CreateContactUserAsAdministratorTest" time="26.666" errors="0" timestamp="2022-01-19T21:56:31 IST" skipped="0">
  <testcase classname="com.crm.comcat.contactTest.CreateContactUserAsAdministratorTest" name="openBrowserTest" time="2.675"/>
  <system-out>
    <![CDATA[Browser opened:Pass]]>
  </system-out>
  <testcase classname="com.crm.comcat.contactTest.CreateContactUserAsAdministratorTest" name="loginTest" time="5.693"/>
  <system-out>
    <![CDATA[Login to application successful:Pass]]>
  </system-out>
  <testcase classname="com.crm.comcat.contactTest.CreateContactUserAsAdministratorTest" name="homePageTest" time="6.672"/>
  <system-out>
    <![CDATA[Navigated to Contacts:Pass]]>
  </system-out>
  <testcase classname="com.crm.comcat.contactTest.CreateContactUserAsAdministratorTest" name="contactCreatePageTest" time="2.644"/>
  <system-out>
    <![CDATA[Navigated to create new Contact Page:Pass]]>
  </system-out>
  <testcase classname="com.crm.comcat.contactTest.CreateContactUserAsAdministratorTest" name="selectUsrAsAdministratorGroupTest" time="6.560"/>
  <system-out>
    <![CDATA[Contact maj singh created Successfully:Pass
Assigned to Administrator  :Pass]]>
  </system-out>
  <testcase classname="com.crm.comcat.contactTest.CreateContactUserAsAdministratorTest" name="logOutTest" time="2.189"/>
  <system-out>
    <![CDATA[logged out successfully]]>
  </system-out>
  <testcase classname="com.crm.comcat.contactTest.CreateContactUserAsAdministratorTest" name="closeBrowserTest" time="0.233"/>
  <system-out>
    <![CDATA[Browser closed]]>
  </system-out>
</testsuite> <!-- com.crm.comcat.contactTest.CreateContactUserAsAdministratorTest -->
