<?xml version="1.0" encoding="UTF-8"?>
<!-- Generated by org.testng.reporters.JUnitReportReporter -->
<testsuite hostname="DESKTOP-HN4067J" failures="0" tests="7" name="com.crm.comcat.orgTest.CreateOrgWithIndTypeTest" time="26.402" errors="0" timestamp="2022-01-19T15:31:54 IST" skipped="0">
  <testcase classname="com.crm.comcat.orgTest.CreateOrgWithIndTypeTest" name="openBrowserTest" time="2.227"/>
  <system-out>
    <![CDATA[Browser opened:pass]]>
  </system-out>
  <testcase classname="com.crm.comcat.orgTest.CreateOrgWithIndTypeTest" name="loginTest" time="5.593"/>
  <system-out>
    <![CDATA[Login to application successful:pass]]>
  </system-out>
  <testcase classname="com.crm.comcat.orgTest.CreateOrgWithIndTypeTest" name="homePageTest" time="6.595"/>
  <system-out>
    <![CDATA[Navigated to Organization:pass]]>
  </system-out>
  <testcase classname="com.crm.comcat.orgTest.CreateOrgWithIndTypeTest" name="organisationCreatePageTest" time="2.535"/>
  <system-out>
    <![CDATA[Navigated to create new Organization:pass]]>
  </system-out>
  <testcase classname="com.crm.comcat.orgTest.CreateOrgWithIndTypeTest" name="createNewOrgTest" time="7.121"/>
  <system-out>
    <![CDATA[Organization created Successfully with industry and type:pass]]>
  </system-out>
  <testcase classname="com.crm.comcat.orgTest.CreateOrgWithIndTypeTest" name="logOutTest" time="2.172"/>
  <system-out>
    <![CDATA[logged out successfully:pass]]>
  </system-out>
  <testcase classname="com.crm.comcat.orgTest.CreateOrgWithIndTypeTest" name="closeBrowserTest" time="0.159"/>
  <system-out>
    <![CDATA[Browser closed:pass]]>
  </system-out>
</testsuite> <!-- com.crm.comcat.orgTest.CreateOrgWithIndTypeTest -->
