<?xml version="1.0" encoding="UTF-8"?>
<!-- Generated by org.testng.reporters.JUnitReportReporter -->
<testsuite hostname="DESKTOP-HN4067J" failures="0" tests="4" name="com.crm.organization.CreateOrganizationWithIndType" time="14.517" errors="0" timestamp="2022-01-17T23:33:07 IST" skipped="0">
  <testcase classname="com.crm.organization.CreateOrganizationWithIndType" name="loginTest" time="1.005"/>
  <system-out>
    <![CDATA[Login page found]]>
  </system-out>
  <testcase classname="com.crm.organization.CreateOrganizationWithIndType" name="homePageTest" time="2.948"/>
  <system-out>
    <![CDATA[Home page found]]>
  </system-out>
  <testcase classname="com.crm.organization.CreateOrganizationWithIndType" name="organisationCreateTest" time="9.187"/>
  <system-out>
    <![CDATA[Organisation created]]>
  </system-out>
  <testcase classname="com.crm.organization.CreateOrganizationWithIndType" name="logOutTest" time="1.377"/>
  <system-out>
    <![CDATA[Successfully loged out]]>
  </system-out>
</testsuite> <!-- com.crm.organization.CreateOrganizationWithIndType -->
