<?xml version="1.0" encoding="UTF-8"?>
<!-- Generated by org.testng.reporters.JUnitReportReporter -->
<testsuite hostname="DESKTOP-HN4067J" failures="1" tests="9" name="com.vtiger.contactTest.CreateContactReportTest" time="16.754" errors="0" timestamp="2022-01-18T00:19:19 IST" skipped="0">
  <testcase classname="com.vtiger.contactTest.CreateContactReportTest" name="loginTest" time="1.017"/>
  <system-out>
    <![CDATA[Login page found]]>
  </system-out>
  <testcase classname="com.vtiger.contactTest.CreateContactReportTest" name="homePageTest" time="2.966"/>
  <system-out>
    <![CDATA[Home page found]]>
  </system-out>
  <testcase classname="com.vtiger.contactTest.CreateContactReportTest" name="contactListPageTest" time="4.204"/>
  <system-out>
    <![CDATA[ContactsPage Displayed]]>
  </system-out>
  <testcase classname="com.vtiger.contactTest.CreateContactReportTest" name="createNewContactPageTest" time="1.804"/>
  <system-out>
    <![CDATA[Creating New Contact is displayed]]>
  </system-out>
  <testcase classname="com.vtiger.contactTest.CreateContactReportTest" name="contactNewBrowserWindowTest" time="2.484"/>
  <system-out>
    <![CDATA[Contact page displayed in another browser window]]>
  </system-out>
  <testcase classname="com.vtiger.contactTest.CreateContactReportTest" name="contactNameTest" time="0.205">
    <failure message="null" type="java.lang.AssertionError">
      <![CDATA[java.lang.AssertionError: null
at org.testng.Assert.fail(Assert.java:99)
at org.testng.Assert.fail(Assert.java:106)
at com.vtiger.contactTest.CreateContactReportTest.contactNameTest(CreateContactReportTest.java:135)
at java.base/jdk.internal.reflect.NativeMethodAccessorImpl.invoke0(Native Method)
at java.base/jdk.internal.reflect.NativeMethodAccessorImpl.invoke(NativeMethodAccessorImpl.java:77)
at java.base/jdk.internal.reflect.DelegatingMethodAccessorImpl.invoke(DelegatingMethodAccessorImpl.java:43)
at java.base/java.lang.reflect.Method.invoke(Method.java:568)
at org.testng.internal.MethodInvocationHelper.invokeMethod(MethodInvocationHelper.java:133)
at org.testng.internal.TestInvoker.invokeMethod(TestInvoker.java:598)
at org.testng.internal.TestInvoker.invokeTestMethod(TestInvoker.java:173)
at org.testng.internal.MethodRunner.runInSequence(MethodRunner.java:46)
at org.testng.internal.TestInvoker$MethodInvocationAgent.invoke(TestInvoker.java:824)
at org.testng.internal.TestInvoker.invokeTestMethods(TestInvoker.java:146)
at org.testng.internal.TestMethodWorker.invokeTestMethods(TestMethodWorker.java:146)
at org.testng.internal.TestMethodWorker.run(TestMethodWorker.java:128)
at java.base/java.util.ArrayList.forEach(ArrayList.java:1511)
at org.testng.TestRunner.privateRun(TestRunner.java:794)
at org.testng.TestRunner.run(TestRunner.java:596)
at org.testng.SuiteRunner.runTest(SuiteRunner.java:377)
at org.testng.SuiteRunner.runSequentially(SuiteRunner.java:371)
at org.testng.SuiteRunner.privateRun(SuiteRunner.java:332)
at org.testng.SuiteRunner.run(SuiteRunner.java:276)
at org.testng.SuiteRunnerWorker.runSuite(SuiteRunnerWorker.java:53)
at org.testng.SuiteRunnerWorker.run(SuiteRunnerWorker.java:96)
at org.testng.TestNG.runSuitesSequentially(TestNG.java:1212)
at org.testng.TestNG.runSuitesLocally(TestNG.java:1134)
at org.testng.TestNG.runSuites(TestNG.java:1063)
at org.testng.TestNG.run(TestNG.java:1031)
at org.testng.remote.AbstractRemoteTestNG.run(AbstractRemoteTestNG.java:115)
at org.testng.remote.RemoteTestNG.initAndRun(RemoteTestNG.java:251)
at org.testng.remote.RemoteTestNG.main(RemoteTestNG.java:77)
]]>
    </failure>
  </testcase> <!-- contactNameTest -->
  <system-out>
    <![CDATA[contact name is not displayed]]>
  </system-out>
  <testcase classname="com.vtiger.contactTest.CreateContactReportTest" name="contactEraseTest" time="0.088"/>
  <system-out>
    <![CDATA[Contact name erased]]>
  </system-out>
  <testcase classname="com.vtiger.contactTest.CreateContactReportTest" name="saveContactTest" time="2.525"/>
  <system-out>
    <![CDATA[[ CON163 ] vaj singh733 - Contact Information Updated today (17 Jan 2022) By Administrator]]>
  </system-out>
  <testcase classname="com.vtiger.contactTest.CreateContactReportTest" name="logOutTest" time="1.461"/>
  <system-out>
    <![CDATA[Successfully loged out]]>
  </system-out>
</testsuite> <!-- com.vtiger.contactTest.CreateContactReportTest -->
