<?xml version="1.0" encoding="UTF-8"?>
<!-- Generated by org.testng.reporters.JUnitReportReporter -->
<testsuite hostname="DESKTOP-HN4067J" failures="0" tests="8" name="com.vtiger.contactTest.CreateContactChooseFileTest" time="14.838" errors="0" timestamp="2022-01-16T21:09:28 IST" skipped="0">
  <testcase classname="com.vtiger.contactTest.CreateContactChooseFileTest" name="loginPageTest" time="0.019"/>
  <system-out>
Login page found  </system-out>
  <testcase classname="com.vtiger.contactTest.CreateContactChooseFileTest" name="homePageTest" time="2.709"/>
  <system-out>
Home page found  </system-out>
  <testcase classname="com.vtiger.contactTest.CreateContactChooseFileTest" name="contactListPageTest" time="5.551"/>
  <system-out>
ContactsPage Displayed  </system-out>
  <testcase classname="com.vtiger.contactTest.CreateContactChooseFileTest" name="createNewContactPageTest" time="1.903"/>
  <system-out>
Creating New Contact is displayed  </system-out>
  <testcase classname="com.vtiger.contactTest.CreateContactChooseFileTest" name="chooseFileOpenTest" time="0.291"/>
  <system-out>
Page is opened in new browser  </system-out>
  <testcase classname="com.vtiger.contactTest.CreateContactChooseFileTest" name="contactImageTest" time="0.104"/>
  <system-out>
Contact image name is displayed in contact information page  </system-out>
  <testcase classname="com.vtiger.contactTest.CreateContactChooseFileTest" name="saveTest" time="2.689"/>
  <system-out>
contact not added  </system-out>
  <testcase classname="com.vtiger.contactTest.CreateContactChooseFileTest" name="logOutTest" time="1.572"/>
  <system-out>
Successfully loged out  </system-out>
</testsuite> <!-- com.vtiger.contactTest.CreateContactChooseFileTest -->
