<?xml version="1.0" encoding="UTF-8"?>
<!-- Generated by org.testng.reporters.JUnitReportReporter -->
<testsuite hostname="DESKTOP-HN4067J" failures="0" tests="6" name="com.vtiger.contactTest.CreateContactGroupAsSupportGPTest" time="14.669" errors="0" timestamp="2022-01-16T21:09:28 IST" skipped="0">
  <testcase classname="com.vtiger.contactTest.CreateContactGroupAsSupportGPTest" name="loginPageTest" time="0.059"/>
  <system-out>
Login page found  </system-out>
  <testcase classname="com.vtiger.contactTest.CreateContactGroupAsSupportGPTest" name="homePageTest" time="3.085"/>
  <system-out>
Home page found  </system-out>
  <testcase classname="com.vtiger.contactTest.CreateContactGroupAsSupportGPTest" name="contactListPageTest" time="5.325"/>
  <system-out>
ContactsPage Displayed  </system-out>
  <testcase classname="com.vtiger.contactTest.CreateContactGroupAsSupportGPTest" name="createNewContactPageTest" time="1.806"/>
  <system-out>
Creating New Contact is displayed  </system-out>
  <testcase classname="com.vtiger.contactTest.CreateContactGroupAsSupportGPTest" name="selectGroupAsSupportGroupTest" time="2.748"/>
  <system-out>
[ CON149 ] piyush1 - Contact Information Updated today (16 Jan 2022) By Administrator  </system-out>
  <testcase classname="com.vtiger.contactTest.CreateContactGroupAsSupportGPTest" name="logOutTest" time="1.646"/>
  <system-out>
Successfully loged out  </system-out>
</testsuite> <!-- com.vtiger.contactTest.CreateContactGroupAsSupportGPTest -->
