<?xml version="1.0" encoding="UTF-8"?>
<!-- Generated by org.testng.reporters.JUnitReportReporter -->
<testsuite hostname="DESKTOP-HN4067J" failures="0" tests="7" name="com.crm.comcat.orgTest.CreateOrgWithIndustryTest" time="25.804" errors="0" timestamp="2022-01-19T15:27:38 IST" skipped="0">
  <testcase classname="com.crm.comcat.orgTest.CreateOrgWithIndustryTest" name="openBrowserTest" time="1.995"/>
  <system-out>
    <![CDATA[Browser opened]]>
  </system-out>
  <testcase classname="com.crm.comcat.orgTest.CreateOrgWithIndustryTest" name="loginTest" time="5.401"/>
  <system-out>
    <![CDATA[Login to application successful]]>
  </system-out>
  <testcase classname="com.crm.comcat.orgTest.CreateOrgWithIndustryTest" name="homePageTest" time="6.339"/>
  <system-out>
    <![CDATA[Navigated to Organization]]>
  </system-out>
  <testcase classname="com.crm.comcat.orgTest.CreateOrgWithIndustryTest" name="organisationCreatePageTest" time="2.867"/>
  <system-out>
    <![CDATA[Navigated to create new Organization]]>
  </system-out>
  <testcase classname="com.crm.comcat.orgTest.CreateOrgWithIndustryTest" name="createNewOrgTest" time="6.773"/>
  <system-out>
    <![CDATA[Organization Ty_231 created Successfully Education industry:pass]]>
  </system-out>
  <testcase classname="com.crm.comcat.orgTest.CreateOrgWithIndustryTest" name="logOutTest" time="2.269"/>
  <system-out>
    <![CDATA[logged out successfully]]>
  </system-out>
  <testcase classname="com.crm.comcat.orgTest.CreateOrgWithIndustryTest" name="closeBrowserTest" time="0.160"/>
  <system-out>
    <![CDATA[Browser closed]]>
  </system-out>
</testsuite> <!-- com.crm.comcat.orgTest.CreateOrgWithIndustryTest -->
