<?xml version="1.0" encoding="UTF-8"?>
<!-- Generated by org.testng.reporters.JUnitReportReporter -->
<testsuite hostname="DESKTOP-HN4067J" failures="0" tests="1" name="com.crm.comcat.orgTest.NonSelectMySqlTestNg" time="0.528" errors="0" timestamp="2022-01-15T22:20:50 IST" skipped="0">
  <testcase classname="com.crm.comcat.orgTest.NonSelectMySqlTestNg" name="nonSelectTest" time="0.528"/>
  <system-out>
kotak_123found  </system-out>
</testsuite> <!-- com.crm.comcat.orgTest.NonSelectMySqlTestNg -->
