<?xml version="1.0" encoding="UTF-8"?>
<!-- Generated by org.testng.reporters.JUnitReportReporter -->
<testsuite hostname="DESKTOP-HN4067J" failures="0" tests="9" name="com.crm.comcat.contactTest.CreateContactReportTest" time="32.744" errors="0" timestamp="2022-01-21T17:35:32 IST" skipped="0">
  <testcase classname="com.crm.comcat.contactTest.CreateContactReportTest" name="openBrowserTest" time="2.623"/>
  <system-out>
    <![CDATA[Browser opened:Pass]]>
  </system-out>
  <testcase classname="com.crm.comcat.contactTest.CreateContactReportTest" name="loginTest" time="5.581"/>
  <system-out>
    <![CDATA[Login to application successful:Pass]]>
  </system-out>
  <testcase classname="com.crm.comcat.contactTest.CreateContactReportTest" name="homePageTest" time="6.131"/>
  <system-out>
    <![CDATA[Navigated to Contacts:Pass]]>
  </system-out>
  <testcase classname="com.crm.comcat.contactTest.CreateContactReportTest" name="contactCreatePageTest" time="2.976"/>
  <system-out>
    <![CDATA[Navigated to create new Contact Page:Pass]]>
  </system-out>
  <testcase classname="com.crm.comcat.contactTest.CreateContactReportTest" name="contactNewBrowserWindowTest" time="9.357"/>
  <system-out>
    <![CDATA[Contact page displayed in another browser window:Pass]]>
  </system-out>
  <testcase classname="com.crm.comcat.contactTest.CreateContactReportTest" name="contactNameTest" time="3.179"/>
  <system-out>
    <![CDATA[selected contact piyush785 is displayed in reports to:Pass]]>
  </system-out>
  <testcase classname="com.crm.comcat.contactTest.CreateContactReportTest" name="contactEraseTest" time="0.190"/>
  <system-out>
    <![CDATA[Contact name erased:pass]]>
  </system-out>
  <testcase classname="com.crm.comcat.contactTest.CreateContactReportTest" name="logOutTest" time="2.513"/>
  <system-out>
    <![CDATA[logged out successfully:pass]]>
  </system-out>
  <testcase classname="com.crm.comcat.contactTest.CreateContactReportTest" name="closeBrowserTest" time="0.194"/>
  <system-out>
    <![CDATA[Browser closed:pass]]>
  </system-out>
</testsuite> <!-- com.crm.comcat.contactTest.CreateContactReportTest -->
