<?xml version="1.0" encoding="UTF-8"?>
<!-- Generated by org.testng.reporters.JUnitReportReporter -->
<testsuite hostname="DESKTOP-HN4067J" failures="0" tests="5" name="com.crm.comcat.contactTest.CreateContactWithOrgTest" time="29.605" errors="0" timestamp="2022-01-19T18:14:36 IST" skipped="0">
  <testcase classname="com.crm.comcat.contactTest.CreateContactWithOrgTest" name="openBrowserTest" time="1.866"/>
  <system-out>
    <![CDATA[Browser opened]]>
  </system-out>
  <testcase classname="com.crm.comcat.contactTest.CreateContactWithOrgTest" name="loginTest" time="3.835"/>
  <system-out>
    <![CDATA[Login to application successful:pass]]>
  </system-out>
  <testcase classname="com.crm.comcat.contactTest.CreateContactWithOrgTest" name="contactCreateTest" time="22.421"/>
  <system-out>
    <![CDATA[Oganization TY_331 created:Pass
Navigated to create new Contact Page:Pass
Contact Deepa is created with TY_331 orgamization:Pass]]>
  </system-out>
  <testcase classname="com.crm.comcat.contactTest.CreateContactWithOrgTest" name="logOutTest" time="1.355"/>
  <system-out>
    <![CDATA[logged out successfully:pass]]>
  </system-out>
  <testcase classname="com.crm.comcat.contactTest.CreateContactWithOrgTest" name="closeBrowserTest" time="0.128"/>
  <system-out>
    <![CDATA[Browser closed:pass]]>
  </system-out>
</testsuite> <!-- com.crm.comcat.contactTest.CreateContactWithOrgTest -->
