<?xml version="1.0" encoding="UTF-8"?>
<!-- Generated by org.testng.reporters.JUnitReportReporter -->
<testsuite hostname="DESKTOP-HN4067J" failures="0" tests="1" name="com.crm.comcat.orgTest.NonSelectMySqlTestNg$NonSelectMySql" time="0.542" errors="0" timestamp="2022-01-12T17:56:54 IST" skipped="0">
  <testcase classname="com.crm.comcat.orgTest.NonSelectMySqlTestNg$NonSelectMySql" name="nonSelectTest" time="0.542"/>
  <system-out/>
</testsuite> <!-- com.crm.comcat.orgTest.NonSelectMySqlTestNg$NonSelectMySql -->
