<?xml version="1.0" encoding="UTF-8"?>
<!-- Generated by org.testng.reporters.JUnitReportReporter -->
<testsuite hostname="DESKTOP-HN4067J" failures="0" tests="1" name="com.vtiger.contactTest.CreateContactRLeadSourceTest" time="14.884" errors="0" timestamp="2022-01-13T15:55:50 IST" skipped="0">
  <testcase classname="com.vtiger.contactTest.CreateContactRLeadSourceTest" name="testLaedSourceTest" time="14.884"/>
  <system-out>
Login page found Home page found ContactsPage Displayed contact added  </system-out>
</testsuite> <!-- com.vtiger.contactTest.CreateContactRLeadSourceTest -->
