<?xml version="1.0" encoding="UTF-8"?>
<!-- Generated by org.testng.reporters.JUnitReportReporter -->
<testsuite hostname="DESKTOP-HN4067J" failures="0" tests="6" name="com.vtiger.contactTest.CreateContactGroupAsMarketingGPTest" time="13.923" errors="0" timestamp="2022-01-16T21:09:28 IST" skipped="0">
  <testcase classname="com.vtiger.contactTest.CreateContactGroupAsMarketingGPTest" name="loginPageTest" time="0.011"/>
  <system-out>
Login page found  </system-out>
  <testcase classname="com.vtiger.contactTest.CreateContactGroupAsMarketingGPTest" name="homePageTest" time="2.579"/>
  <system-out>
Home page found  </system-out>
  <testcase classname="com.vtiger.contactTest.CreateContactGroupAsMarketingGPTest" name="contactListPageTest" time="5.313"/>
  <system-out>
ContactsPage Displayed  </system-out>
  <testcase classname="com.vtiger.contactTest.CreateContactGroupAsMarketingGPTest" name="createNewContactPageTest" time="1.871"/>
  <system-out>
Creating New Contact is displayed  </system-out>
  <testcase classname="com.vtiger.contactTest.CreateContactGroupAsMarketingGPTest" name="selectGroupAsMarketingGroupTest" time="2.838"/>
  <system-out>
[ CON156 ] piyush - Contact Information Updated today (16 Jan 2022) By Administrator  </system-out>
  <testcase classname="com.vtiger.contactTest.CreateContactGroupAsMarketingGPTest" name="logOutTest" time="1.311"/>
  <system-out>
Successfully loged out  </system-out>
</testsuite> <!-- com.vtiger.contactTest.CreateContactGroupAsMarketingGPTest -->
