<?xml version="1.0" encoding="UTF-8"?>
<!-- Generated by org.testng.reporters.JUnitReportReporter -->
<testsuite hostname="DESKTOP-HN4067J" failures="0" tests="7" name="com.crm.comcat.contactTest.CreateContactGroupAsSupportGPTest" time="26.223" errors="0" timestamp="2022-01-19T21:32:30 IST" skipped="0">
  <testcase classname="com.crm.comcat.contactTest.CreateContactGroupAsSupportGPTest" name="openBrowserTest" time="2.820"/>
  <system-out>
    <![CDATA[Browser opened:Pass]]>
  </system-out>
  <testcase classname="com.crm.comcat.contactTest.CreateContactGroupAsSupportGPTest" name="loginTest" time="5.377"/>
  <system-out>
    <![CDATA[Login to application successful:Pass]]>
  </system-out>
  <testcase classname="com.crm.comcat.contactTest.CreateContactGroupAsSupportGPTest" name="homePageTest" time="6.653"/>
  <system-out>
    <![CDATA[Navigated to Contacts:Pass]]>
  </system-out>
  <testcase classname="com.crm.comcat.contactTest.CreateContactGroupAsSupportGPTest" name="contactCreatePageTest" time="2.664"/>
  <system-out>
    <![CDATA[Navigated to create new Contact Page:Pass]]>
  </system-out>
  <testcase classname="com.crm.comcat.contactTest.CreateContactGroupAsSupportGPTest" name="selectGroupAsMarketingGroupTest" time="6.142"/>
  <system-out>
    <![CDATA[Contact Deepa created Successfully:Pass
Assigned to Support Group  :Pass]]>
  </system-out>
  <testcase classname="com.crm.comcat.contactTest.CreateContactGroupAsSupportGPTest" name="logOutTest" time="2.362"/>
  <system-out>
    <![CDATA[logged out successfully]]>
  </system-out>
  <testcase classname="com.crm.comcat.contactTest.CreateContactGroupAsSupportGPTest" name="closeBrowserTest" time="0.205"/>
  <system-out>
    <![CDATA[Browser closed]]>
  </system-out>
</testsuite> <!-- com.crm.comcat.contactTest.CreateContactGroupAsSupportGPTest -->
