<?xml version="1.0" encoding="UTF-8"?>
<!-- Generated by org.testng.reporters.JUnitReportReporter -->
<testsuite hostname="DESKTOP-HN4067J" failures="0" tests="1" name="com.crm.comcat.contactTest.CreateContactChooseFileTest" time="26.491" errors="0" timestamp="2022-01-22T19:00:32 IST" skipped="0">
  <testcase classname="com.crm.comcat.contactTest.CreateContactChooseFileTest" name="chooseFileOpenTest" time="26.491"/>
  <system-out>
    <![CDATA[Navigated to Contacts:Pass
Navigated to create new Contact Page:Pass
choose file Page is opened in new browser
Contact image name is displayed in contact information page]]>
  </system-out>
</testsuite> <!-- com.crm.comcat.contactTest.CreateContactChooseFileTest -->
