<?xml version="1.0" encoding="UTF-8"?>
<!-- Generated by org.testng.reporters.JUnitReportReporter -->
<testsuite hostname="DESKTOP-HN4067J" failures="0" tests="6" name="com.vtiger.contactTest.CreateContactUserAsAdministratorTest" time="13.464" errors="0" timestamp="2022-01-16T21:09:28 IST" skipped="0">
  <testcase classname="com.vtiger.contactTest.CreateContactUserAsAdministratorTest" name="loginPageTest" time="0.012"/>
  <system-out>
Login page found  </system-out>
  <testcase classname="com.vtiger.contactTest.CreateContactUserAsAdministratorTest" name="homePageTest" time="2.471"/>
  <system-out>
Home page found  </system-out>
  <testcase classname="com.vtiger.contactTest.CreateContactUserAsAdministratorTest" name="contactListPageTest" time="4.902"/>
  <system-out>
ContactsPage Displayed  </system-out>
  <testcase classname="com.vtiger.contactTest.CreateContactUserAsAdministratorTest" name="createNewContactPageTest" time="1.876"/>
  <system-out>
Creating New Contact is displayed  </system-out>
  <testcase classname="com.vtiger.contactTest.CreateContactUserAsAdministratorTest" name="selectUserAsAdminTest" time="2.908"/>
  <system-out>
[ CON151 ] piyush - Contact Information Updated today (16 Jan 2022) By Administrator  </system-out>
  <testcase classname="com.vtiger.contactTest.CreateContactUserAsAdministratorTest" name="logOutTest" time="1.295"/>
  <system-out>
Successfully loged out  </system-out>
</testsuite> <!-- com.vtiger.contactTest.CreateContactUserAsAdministratorTest -->
